{"C:\\Users\\ADMIN\\Projects\\Web_dev\\virtual-business-cards\\src\\components\\CardEditor\\EditableField.tsx": {"path":"C:\\Users\\ADMIN\\Projects\\Web_dev\\virtual-business-cards\\src\\components\\CardEditor\\EditableField.tsx","statementMap":{"0":{"start":{"line":1,"column":0},"end":{"line":1,"column":59}},"1":{"start":{"line":17,"column":52},"end":{"line":153,"column":1}},"2":{"start":{"line":17,"column":60},"end":{"line":17,"column":62}},"3":{"start":{"line":17,"column":67},"end":{"line":17,"column":69}},"4":{"start":{"line":17,"column":77},"end":{"line":17,"column":79}},"5":{"start":{"line":17,"column":84},"end":{"line":17,"column":86}},"6":{"start":{"line":17,"column":95},"end":{"line":17,"column":97}},"7":{"start":{"line":18,"column":14},"end":{"line":18,"column":48}},"8":{"start":{"line":19,"column":46},"end":{"line":19,"column":83}},"9":{"start":{"line":19,"column":23},"end":{"line":19,"column":25}},"10":{"start":{"line":19,"column":42},"end":{"line":19,"column":46}},"11":{"start":{"line":20,"column":56},"end":{"line":20,"column":71}},"12":{"start":{"line":20,"column":28},"end":{"line":20,"column":30}},"13":{"start":{"line":20,"column":52},"end":{"line":20,"column":56}},"14":{"start":{"line":21,"column":26},"end":{"line":21,"column":38}},"15":{"start":{"line":24,"column":2},"end":{"line":29,"column":9}},"16":{"start":{"line":25,"column":4},"end":{"line":28,"column":5}},"17":{"start":{"line":26,"column":6},"end":{"line":26,"column":42}},"18":{"start":{"line":27,"column":6},"end":{"line":27,"column":38}},"19":{"start":{"line":32,"column":2},"end":{"line":37,"column":14}},"20":{"start":{"line":33,"column":4},"end":{"line":36,"column":5}},"21":{"start":{"line":34,"column":6},"end":{"line":34,"column":42}},"22":{"start":{"line":35,"column":6},"end":{"line":35,"column":35}},"23":{"start":{"line":40,"column":22},"end":{"line":90,"column":3}},"24":{"start":{"line":41,"column":4},"end":{"line":41,"column":29}},"25":{"start":{"line":41,"column":22},"end":{"line":41,"column":29}},"26":{"start":{"line":43,"column":4},"end":{"line":43,"column":24}},"27":{"start":{"line":44,"column":22},"end":{"line":44,"column":43}},"28":{"start":{"line":45,"column":4},"end":{"line":45,"column":27}},"29":{"start":{"line":45,"column":20},"end":{"line":45,"column":27}},"30":{"start":{"line":48,"column":4},"end":{"line":61,"column":5}},"31":{"start":{"line":50,"column":6},"end":{"line":59,"column":12}},"32":{"start":{"line":51,"column":8},"end":{"line":58,"column":9}},"33":{"start":{"line":52,"column":24},"end":{"line":52,"column":47}},"34":{"start":{"line":53,"column":10},"end":{"line":56,"column":13}},"35":{"start":{"line":57,"column":10},"end":{"line":57,"column":40}},"36":{"start":{"line":60,"column":6},"end":{"line":60,"column":13}},"37":{"start":{"line":64,"column":18},"end":{"line":64,"column":68}},"38":{"start":{"line":65,"column":4},"end":{"line":89,"column":5}},"39":{"start":{"line":66,"column":6},"end":{"line":66,"column":34}},"40":{"start":{"line":67,"column":6},"end":{"line":67,"column":32}},"41":{"start":{"line":70,"column":39},"end":{"line":73,"column":8}},"42":{"start":{"line":74,"column":6},"end":{"line":74,"column":34}},"43":{"start":{"line":75,"column":6},"end":{"line":75,"column":36}},"44":{"start":{"line":76,"column":11},"end":{"line":89,"column":5}},"45":{"start":{"line":78,"column":28},"end":{"line":78,"column":50}},"46":{"start":{"line":79,"column":6},"end":{"line":79,"column":52}},"47":{"start":{"line":80,"column":6},"end":{"line":80,"column":36}},"48":{"start":{"line":81,"column":6},"end":{"line":81,"column":34}},"49":{"start":{"line":82,"column":6},"end":{"line":82,"column":40}},"50":{"start":{"line":84,"column":6},"end":{"line":87,"column":9}},"51":{"start":{"line":88,"column":6},"end":{"line":88,"column":36}},"52":{"start":{"line":92,"column":22},"end":{"line":110,"column":3}},"53":{"start":{"line":93,"column":4},"end":{"line":93,"column":29}},"54":{"start":{"line":93,"column":22},"end":{"line":93,"column":29}},"55":{"start":{"line":95,"column":22},"end":{"line":95,"column":43}},"56":{"start":{"line":96,"column":35},"end":{"line":96,"column":60}},"57":{"start":{"line":99,"column":4},"end":{"line":105,"column":5}},"58":{"start":{"line":100,"column":20},"end":{"line":100,"column":43}},"59":{"start":{"line":101,"column":6},"end":{"line":101,"column":41}},"60":{"start":{"line":102,"column":6},"end":{"line":102,"column":40}},"61":{"start":{"line":103,"column":6},"end":{"line":103,"column":34}},"62":{"start":{"line":104,"column":6},"end":{"line":104,"column":36}},"63":{"start":{"line":108,"column":21},"end":{"line":108,"column":42}},"64":{"start":{"line":109,"column":4},"end":{"line":109,"column":30}},"65":{"start":{"line":113,"column":2},"end":{"line":139,"column":44}},"66":{"start":{"line":114,"column":4},"end":{"line":138,"column":5}},"67":{"start":{"line":115,"column":24},"end":{"line":115,"column":45}},"68":{"start":{"line":116,"column":6},"end":{"line":116,"column":29}},"69":{"start":{"line":116,"column":22},"end":{"line":116,"column":29}},"70":{"start":{"line":118,"column":31},"end":{"line":118,"column":46}},"71":{"start":{"line":121,"column":6},"end":{"line":135,"column":7}},"72":{"start":{"line":122,"column":22},"end":{"line":122,"column":44}},"73":{"start":{"line":123,"column":27},"end":{"line":123,"column":56}},"74":{"start":{"line":124,"column":8},"end":{"line":124,"column":59}},"75":{"start":{"line":125,"column":8},"end":{"line":125,"column":29}},"76":{"start":{"line":126,"column":8},"end":{"line":126,"column":36}},"77":{"start":{"line":127,"column":8},"end":{"line":127,"column":34}},"78":{"start":{"line":130,"column":22},"end":{"line":130,"column":44}},"79":{"start":{"line":131,"column":8},"end":{"line":131,"column":46}},"80":{"start":{"line":132,"column":8},"end":{"line":132,"column":30}},"81":{"start":{"line":133,"column":8},"end":{"line":133,"column":36}},"82":{"start":{"line":134,"column":8},"end":{"line":134,"column":34}},"83":{"start":{"line":137,"column":6},"end":{"line":137,"column":36}},"84":{"start":{"line":141,"column":2},"end":{"line":152,"column":4}},"85":{"start":{"line":155,"column":0},"end":{"line":155,"column":29}}},"fnMap":{"0":{"name":"(anonymous_9)","decl":{"start":{"line":17,"column":52},"end":{"line":17,"column":53}},"loc":{"start":{"line":17,"column":97},"end":{"line":153,"column":1}}},"1":{"name":"(anonymous_10)","decl":{"start":{"line":24,"column":12},"end":{"line":24,"column":null}},"loc":{"start":{"line":24,"column":12},"end":{"line":29,"column":3}}},"2":{"name":"(anonymous_11)","decl":{"start":{"line":32,"column":12},"end":{"line":32,"column":null}},"loc":{"start":{"line":32,"column":12},"end":{"line":37,"column":3}}},"3":{"name":"(anonymous_12)","decl":{"start":{"line":40,"column":22},"end":{"line":40,"column":23}},"loc":{"start":{"line":40,"column":64},"end":{"line":90,"column":3}}},"4":{"name":"(anonymous_13)","decl":{"start":{"line":50,"column":17},"end":{"line":50,"column":null}},"loc":{"start":{"line":50,"column":17},"end":{"line":59,"column":7}}},"5":{"name":"(anonymous_14)","decl":{"start":{"line":92,"column":22},"end":{"line":92,"column":null}},"loc":{"start":{"line":92,"column":22},"end":{"line":110,"column":3}}},"6":{"name":"(anonymous_15)","decl":{"start":{"line":113,"column":12},"end":{"line":113,"column":null}},"loc":{"start":{"line":113,"column":12},"end":{"line":139,"column":3}}}},"branchMap":{"0":{"loc":{"start":{"line":25,"column":4},"end":{"line":28,"column":5}},"type":"if","locations":[{"start":{"line":25,"column":4},"end":{"line":28,"column":5}}]},"1":{"loc":{"start":{"line":25,"column":8},"end":{"line":25,"column":46}},"type":"binary-expr","locations":[{"start":{"line":25,"column":8},"end":{"line":25,"column":19}},{"start":{"line":25,"column":23},"end":{"line":25,"column":46}}]},"2":{"loc":{"start":{"line":26,"column":30},"end":{"line":26,"column":41}},"type":"binary-expr","locations":[{"start":{"line":26,"column":30},"end":{"line":26,"column":35}},{"start":{"line":26,"column":39},"end":{"line":26,"column":41}}]},"3":{"loc":{"start":{"line":33,"column":4},"end":{"line":36,"column":5}},"type":"if","locations":[{"start":{"line":33,"column":4},"end":{"line":36,"column":5}}]},"4":{"loc":{"start":{"line":33,"column":8},"end":{"line":33,"column":89}},"type":"binary-expr","locations":[{"start":{"line":33,"column":8},"end":{"line":33,"column":19}},{"start":{"line":33,"column":23},"end":{"line":33,"column":47}},{"start":{"line":33,"column":51},"end":{"line":33,"column":89}}]},"5":{"loc":{"start":{"line":34,"column":30},"end":{"line":34,"column":41}},"type":"binary-expr","locations":[{"start":{"line":34,"column":30},"end":{"line":34,"column":35}},{"start":{"line":34,"column":39},"end":{"line":34,"column":41}}]},"6":{"loc":{"start":{"line":41,"column":4},"end":{"line":41,"column":29}},"type":"if","locations":[{"start":{"line":41,"column":4},"end":{"line":41,"column":29}}]},"7":{"loc":{"start":{"line":45,"column":4},"end":{"line":45,"column":27}},"type":"if","locations":[{"start":{"line":45,"column":4},"end":{"line":45,"column":27}}]},"8":{"loc":{"start":{"line":48,"column":4},"end":{"line":61,"column":5}},"type":"if","locations":[{"start":{"line":48,"column":4},"end":{"line":61,"column":5}}]},"9":{"loc":{"start":{"line":51,"column":8},"end":{"line":58,"column":9}},"type":"if","locations":[{"start":{"line":51,"column":8},"end":{"line":58,"column":9}}]},"10":{"loc":{"start":{"line":65,"column":4},"end":{"line":89,"column":5}},"type":"if","locations":[{"start":{"line":65,"column":4},"end":{"line":89,"column":5}},{"start":{"line":76,"column":11},"end":{"line":89,"column":5}}]},"11":{"loc":{"start":{"line":76,"column":11},"end":{"line":89,"column":5}},"type":"if","locations":[{"start":{"line":76,"column":11},"end":{"line":89,"column":5}}]},"12":{"loc":{"start":{"line":85,"column":14},"end":{"line":85,"column":43}},"type":"binary-expr","locations":[{"start":{"line":85,"column":14},"end":{"line":85,"column":35}},{"start":{"line":85,"column":39},"end":{"line":85,"column":43}}]},"13":{"loc":{"start":{"line":86,"column":16},"end":{"line":86,"column":63}},"type":"binary-expr","locations":[{"start":{"line":86,"column":16},"end":{"line":86,"column":58}},{"start":{"line":86,"column":62},"end":{"line":86,"column":63}}]},"14":{"loc":{"start":{"line":86,"column":16},"end":{"line":86,"column":58}},"type":"cond-expr","locations":[{"start":{"line":86,"column":50},"end":{"line":86,"column":52}},{"start":{"line":86,"column":50},"end":{"line":86,"column":58}}]},"15":{"loc":{"start":{"line":86,"column":16},"end":{"line":86,"column":52}},"type":"binary-expr","locations":[{"start":{"line":86,"column":16},"end":{"line":86,"column":52}},{"start":{"line":86,"column":50},"end":{"line":86,"column":52}}]},"16":{"loc":{"start":{"line":86,"column":16},"end":{"line":86,"column":50}},"type":"cond-expr","locations":[{"start":{"line":86,"column":37},"end":{"line":86,"column":39}},{"start":{"line":86,"column":37},"end":{"line":86,"column":50}}]},"17":{"loc":{"start":{"line":86,"column":16},"end":{"line":86,"column":39}},"type":"binary-expr","locations":[{"start":{"line":86,"column":16},"end":{"line":86,"column":39}},{"start":{"line":86,"column":37},"end":{"line":86,"column":39}}]},"18":{"loc":{"start":{"line":93,"column":4},"end":{"line":93,"column":29}},"type":"if","locations":[{"start":{"line":93,"column":4},"end":{"line":93,"column":29}}]},"19":{"loc":{"start":{"line":99,"column":4},"end":{"line":105,"column":5}},"type":"if","locations":[{"start":{"line":99,"column":4},"end":{"line":105,"column":5}}]},"20":{"loc":{"start":{"line":99,"column":8},"end":{"line":99,"column":45}},"type":"binary-expr","locations":[{"start":{"line":99,"column":8},"end":{"line":99,"column":17}},{"start":{"line":99,"column":21},"end":{"line":99,"column":45}}]},"21":{"loc":{"start":{"line":114,"column":4},"end":{"line":138,"column":5}},"type":"if","locations":[{"start":{"line":114,"column":4},"end":{"line":138,"column":5}}]},"22":{"loc":{"start":{"line":114,"column":8},"end":{"line":114,"column":60}},"type":"binary-expr","locations":[{"start":{"line":114,"column":8},"end":{"line":114,"column":19}},{"start":{"line":114,"column":23},"end":{"line":114,"column":37}},{"start":{"line":114,"column":41},"end":{"line":114,"column":60}}]},"23":{"loc":{"start":{"line":116,"column":6},"end":{"line":116,"column":29}},"type":"if","locations":[{"start":{"line":116,"column":6},"end":{"line":116,"column":29}}]},"24":{"loc":{"start":{"line":121,"column":6},"end":{"line":135,"column":7}},"type":"if","locations":[{"start":{"line":121,"column":6},"end":{"line":135,"column":7}},{"start":{"line":128,"column":13},"end":{"line":135,"column":7}}]},"25":{"loc":{"start":{"line":121,"column":10},"end":{"line":121,"column":44}},"type":"binary-expr","locations":[{"start":{"line":121,"column":10},"end":{"line":121,"column":14}},{"start":{"line":121,"column":18},"end":{"line":121,"column":44}}]},"26":{"loc":{"start":{"line":123,"column":27},"end":{"line":123,"column":56}},"type":"binary-expr","locations":[{"start":{"line":123,"column":27},"end":{"line":123,"column":51}},{"start":{"line":123,"column":55},"end":{"line":123,"column":56}}]},"27":{"loc":{"start":{"line":123,"column":27},"end":{"line":123,"column":51}},"type":"cond-expr","locations":[{"start":{"line":123,"column":43},"end":{"line":123,"column":45}},{"start":{"line":123,"column":43},"end":{"line":123,"column":51}}]},"28":{"loc":{"start":{"line":123,"column":27},"end":{"line":123,"column":45}},"type":"binary-expr","locations":[{"start":{"line":123,"column":27},"end":{"line":123,"column":45}},{"start":{"line":123,"column":43},"end":{"line":123,"column":45}}]}},"s":{"0":1,"1":1,"2":6,"3":6,"4":6,"5":6,"6":6,"7":6,"8":6,"9":6,"10":6,"11":6,"12":6,"13":6,"14":6,"15":6,"16":3,"17":3,"18":3,"19":6,"20":3,"21":3,"22":3,"23":6,"24":0,"25":0,"26":0,"27":0,"28":0,"29":0,"30":0,"31":0,"32":0,"33":0,"34":0,"35":0,"36":0,"37":0,"38":0,"39":0,"40":0,"41":0,"42":0,"43":0,"44":0,"45":0,"46":0,"47":0,"48":0,"49":0,"50":0,"51":0,"52":6,"53":2,"54":0,"55":2,"56":2,"57":2,"58":0,"59":0,"60":0,"61":0,"62":0,"63":2,"64":2,"65":6,"66":6,"67":0,"68":0,"69":0,"70":0,"71":0,"72":0,"73":0,"74":0,"75":0,"76":0,"77":0,"78":0,"79":0,"80":0,"81":0,"82":0,"83":0,"84":6,"85":1},"f":{"0":6,"1":3,"2":3,"3":0,"4":0,"5":2,"6":6},"b":{"0":[3],"1":[3,3],"2":[3,0],"3":[3],"4":[3,3,3],"5":[3,0],"6":[0],"7":[0],"8":[0],"9":[0],"10":[0,0],"11":[0],"12":[0,0],"13":[0,0],"14":[0,0],"15":[0,0],"16":[0,0],"17":[0,0],"18":[0],"19":[0],"20":[2,2],"21":[0],"22":[6,6,0],"23":[0],"24":[0,0],"25":[0,0],"26":[0,0],"27":[0,0],"28":[0,0]}}
,"C:\\Users\\ADMIN\\Projects\\Web_dev\\virtual-business-cards\\src\\hooks\\useTextFormatting.ts": {"path":"C:\\Users\\ADMIN\\Projects\\Web_dev\\virtual-business-cards\\src\\hooks\\useTextFormatting.ts","statementMap":{"0":{"start":{"line":1,"column":0},"end":{"line":1,"column":33}},"1":{"start":{"line":4,"column":33},"end":{"line":235,"column":1}},"2":{"start":{"line":5,"column":42},"end":{"line":5,"column":70}},"3":{"start":{"line":5,"column":21},"end":{"line":5,"column":23}},"4":{"start":{"line":5,"column":38},"end":{"line":5,"column":42}},"5":{"start":{"line":6,"column":36},"end":{"line":6,"column":51}},"6":{"start":{"line":6,"column":18},"end":{"line":6,"column":20}},"7":{"start":{"line":6,"column":32},"end":{"line":6,"column":36}},"8":{"start":{"line":7,"column":44},"end":{"line":7,"column":68}},"9":{"start":{"line":7,"column":22},"end":{"line":7,"column":24}},"10":{"start":{"line":7,"column":40},"end":{"line":7,"column":44}},"11":{"start":{"line":9,"column":27},"end":{"line":46,"column":3}},"12":{"start":{"line":10,"column":4},"end":{"line":12,"column":5}},"13":{"start":{"line":11,"column":6},"end":{"line":11,"column":13}},"14":{"start":{"line":14,"column":22},"end":{"line":14,"column":43}},"15":{"start":{"line":15,"column":4},"end":{"line":45,"column":5}},"16":{"start":{"line":16,"column":20},"end":{"line":16,"column":43}},"17":{"start":{"line":18,"column":6},"end":{"line":40,"column":7}},"18":{"start":{"line":19,"column":21},"end":{"line":19,"column":50}},"19":{"start":{"line":20,"column":27},"end":{"line":20,"column":30}},"20":{"start":{"line":21,"column":28},"end":{"line":21,"column":45}},"21":{"start":{"line":23,"column":16},"end":{"line":23,"column":42}},"22":{"start":{"line":24,"column":8},"end":{"line":26,"column":9}},"23":{"start":{"line":25,"column":10},"end":{"line":25,"column":61}},"24":{"start":{"line":27,"column":8},"end":{"line":29,"column":9}},"25":{"start":{"line":28,"column":10},"end":{"line":28,"column":34}},"26":{"start":{"line":31,"column":18},"end":{"line":31,"column":57}},"27":{"start":{"line":33,"column":8},"end":{"line":33,"column":35}},"28":{"start":{"line":34,"column":8},"end":{"line":34,"column":31}},"29":{"start":{"line":35,"column":8},"end":{"line":35,"column":27}},"30":{"start":{"line":37,"column":8},"end":{"line":37,"column":28}},"31":{"start":{"line":38,"column":8},"end":{"line":38,"column":30}},"32":{"start":{"line":39,"column":8},"end":{"line":39,"column":37}},"33":{"start":{"line":42,"column":6},"end":{"line":42,"column":26}},"34":{"start":{"line":43,"column":6},"end":{"line":43,"column":28}},"35":{"start":{"line":44,"column":6},"end":{"line":44,"column":35}},"36":{"start":{"line":48,"column":26},"end":{"line":84,"column":3}},"37":{"start":{"line":49,"column":4},"end":{"line":83,"column":5}},"38":{"start":{"line":50,"column":24},"end":{"line":50,"column":45}},"39":{"start":{"line":51,"column":6},"end":{"line":51,"column":35}},"40":{"start":{"line":52,"column":6},"end":{"line":52,"column":40}},"41":{"start":{"line":54,"column":20},"end":{"line":54,"column":32}},"42":{"start":{"line":55,"column":29},"end":{"line":55,"column":58}},"43":{"start":{"line":56,"column":46},"end":{"line":56,"column":50}},"44":{"start":{"line":58,"column":6},"end":{"line":62,"column":7}},"45":{"start":{"line":59,"column":8},"end":{"line":59,"column":53}},"46":{"start":{"line":60,"column":13},"end":{"line":62,"column":7}},"47":{"start":{"line":61,"column":8},"end":{"line":61,"column":54}},"48":{"start":{"line":64,"column":6},"end":{"line":70,"column":7}},"49":{"start":{"line":65,"column":8},"end":{"line":65,"column":50}},"50":{"start":{"line":67,"column":21},"end":{"line":67,"column":51}},"51":{"start":{"line":68,"column":8},"end":{"line":68,"column":37}},"52":{"start":{"line":69,"column":8},"end":{"line":69,"column":41}},"53":{"start":{"line":72,"column":22},"end":{"line":72,"column":49}},"54":{"start":{"line":73,"column":6},"end":{"line":78,"column":7}},"55":{"start":{"line":74,"column":22},"end":{"line":74,"column":74}},"56":{"start":{"line":75,"column":8},"end":{"line":77,"column":9}},"57":{"start":{"line":76,"column":10},"end":{"line":76,"column":48}},"58":{"start":{"line":80,"column":6},"end":{"line":80,"column":26}},"59":{"start":{"line":81,"column":6},"end":{"line":81,"column":28}},"60":{"start":{"line":82,"column":6},"end":{"line":82,"column":35}},"61":{"start":{"line":86,"column":27},"end":{"line":149,"column":3}},"62":{"start":{"line":87,"column":4},"end":{"line":87,"column":30}},"63":{"start":{"line":87,"column":23},"end":{"line":87,"column":30}},"64":{"start":{"line":89,"column":22},"end":{"line":89,"column":43}},"65":{"start":{"line":90,"column":4},"end":{"line":90,"column":27}},"66":{"start":{"line":90,"column":20},"end":{"line":90,"column":27}},"67":{"start":{"line":92,"column":4},"end":{"line":92,"column":32}},"68":{"start":{"line":93,"column":4},"end":{"line":93,"column":37}},"69":{"start":{"line":95,"column":18},"end":{"line":95,"column":30}},"70":{"start":{"line":98,"column":6},"end":{"line":100,"column":67}},"71":{"start":{"line":101,"column":4},"end":{"line":101,"column":25}},"72":{"start":{"line":101,"column":18},"end":{"line":101,"column":25}},"73":{"start":{"line":103,"column":35},"end":{"line":103,"column":55}},"74":{"start":{"line":104,"column":41},"end":{"line":104,"column":45}},"75":{"start":{"line":106,"column":4},"end":{"line":112,"column":5}},"76":{"start":{"line":107,"column":6},"end":{"line":110,"column":7}},"77":{"start":{"line":108,"column":8},"end":{"line":108,"column":48}},"78":{"start":{"line":109,"column":8},"end":{"line":109,"column":14}},"79":{"start":{"line":111,"column":6},"end":{"line":111,"column":43}},"80":{"start":{"line":114,"column":4},"end":{"line":139,"column":5}},"81":{"start":{"line":115,"column":26},"end":{"line":115,"column":48}},"82":{"start":{"line":116,"column":6},"end":{"line":116,"column":49}},"83":{"start":{"line":117,"column":27},"end":{"line":117,"column":49}},"84":{"start":{"line":118,"column":6},"end":{"line":118,"column":69}},"85":{"start":{"line":119,"column":6},"end":{"line":119,"column":63}},"86":{"start":{"line":121,"column":6},"end":{"line":138,"column":7}},"87":{"start":{"line":125,"column":25},"end":{"line":125,"column":55}},"88":{"start":{"line":126,"column":28},"end":{"line":126,"column":54}},"89":{"start":{"line":127,"column":25},"end":{"line":127,"column":61}},"90":{"start":{"line":129,"column":8},"end":{"line":129,"column":42}},"91":{"start":{"line":130,"column":8},"end":{"line":137,"column":9}},"92":{"start":{"line":131,"column":10},"end":{"line":131,"column":57}},"93":{"start":{"line":133,"column":35},"end":{"line":133,"column":62}},"94":{"start":{"line":134,"column":10},"end":{"line":136,"column":11}},"95":{"start":{"line":135,"column":12},"end":{"line":135,"column":78}},"96":{"start":{"line":141,"column":18},"end":{"line":141,"column":70}},"97":{"start":{"line":142,"column":4},"end":{"line":144,"column":5}},"98":{"start":{"line":143,"column":6},"end":{"line":143,"column":44}},"99":{"start":{"line":146,"column":4},"end":{"line":146,"column":24}},"100":{"start":{"line":147,"column":4},"end":{"line":147,"column":26}},"101":{"start":{"line":148,"column":4},"end":{"line":148,"column":32}},"102":{"start":{"line":151,"column":20},"end":{"line":173,"column":3}},"103":{"start":{"line":152,"column":4},"end":{"line":172,"column":5}},"104":{"start":{"line":153,"column":24},"end":{"line":153,"column":45}},"105":{"start":{"line":154,"column":6},"end":{"line":154,"column":35}},"106":{"start":{"line":155,"column":6},"end":{"line":155,"column":40}},"107":{"start":{"line":157,"column":20},"end":{"line":157,"column":32}},"108":{"start":{"line":158,"column":29},"end":{"line":158,"column":49}},"109":{"start":{"line":159,"column":46},"end":{"line":159,"column":50}},"110":{"start":{"line":161,"column":6},"end":{"line":165,"column":7}},"111":{"start":{"line":162,"column":8},"end":{"line":162,"column":53}},"112":{"start":{"line":163,"column":13},"end":{"line":165,"column":7}},"113":{"start":{"line":164,"column":8},"end":{"line":164,"column":54}},"114":{"start":{"line":167,"column":28},"end":{"line":167,"column":89}},"115":{"start":{"line":168,"column":32},"end":{"line":168,"column":57}},"116":{"start":{"line":169,"column":28},"end":{"line":169,"column":107}},"117":{"start":{"line":171,"column":6},"end":{"line":171,"column":53}},"118":{"start":{"line":175,"column":22},"end":{"line":197,"column":3}},"119":{"start":{"line":176,"column":4},"end":{"line":196,"column":5}},"120":{"start":{"line":177,"column":24},"end":{"line":177,"column":45}},"121":{"start":{"line":178,"column":6},"end":{"line":178,"column":35}},"122":{"start":{"line":179,"column":6},"end":{"line":179,"column":40}},"123":{"start":{"line":181,"column":20},"end":{"line":181,"column":32}},"124":{"start":{"line":182,"column":29},"end":{"line":182,"column":49}},"125":{"start":{"line":183,"column":46},"end":{"line":183,"column":50}},"126":{"start":{"line":185,"column":6},"end":{"line":189,"column":7}},"127":{"start":{"line":186,"column":8},"end":{"line":186,"column":53}},"128":{"start":{"line":187,"column":13},"end":{"line":189,"column":7}},"129":{"start":{"line":188,"column":8},"end":{"line":188,"column":54}},"130":{"start":{"line":191,"column":28},"end":{"line":191,"column":89}},"131":{"start":{"line":192,"column":31},"end":{"line":192,"column":55}},"132":{"start":{"line":193,"column":27},"end":{"line":193,"column":78}},"133":{"start":{"line":195,"column":6},"end":{"line":195,"column":51}},"134":{"start":{"line":199,"column":25},"end":{"line":221,"column":3}},"135":{"start":{"line":200,"column":4},"end":{"line":220,"column":5}},"136":{"start":{"line":201,"column":24},"end":{"line":201,"column":45}},"137":{"start":{"line":202,"column":6},"end":{"line":202,"column":35}},"138":{"start":{"line":203,"column":6},"end":{"line":203,"column":40}},"139":{"start":{"line":205,"column":20},"end":{"line":205,"column":32}},"140":{"start":{"line":206,"column":29},"end":{"line":206,"column":49}},"141":{"start":{"line":207,"column":46},"end":{"line":207,"column":50}},"142":{"start":{"line":209,"column":6},"end":{"line":213,"column":7}},"143":{"start":{"line":210,"column":8},"end":{"line":210,"column":53}},"144":{"start":{"line":211,"column":13},"end":{"line":213,"column":7}},"145":{"start":{"line":212,"column":8},"end":{"line":212,"column":54}},"146":{"start":{"line":215,"column":28},"end":{"line":215,"column":89}},"147":{"start":{"line":216,"column":36},"end":{"line":216,"column":103}},"148":{"start":{"line":217,"column":32},"end":{"line":217,"column":99}},"149":{"start":{"line":219,"column":6},"end":{"line":219,"column":61}},"150":{"start":{"line":223,"column":2},"end":{"line":234,"column":4}},"151":{"start":{"line":232,"column":35},"end":{"line":232,"column":null}},"152":{"start":{"line":233,"column":37},"end":{"line":233,"column":null}},"153":{"start":{"line":4,"column":13},"end":{"line":4,"column":33}}},"fnMap":{"0":{"name":"(anonymous_0)","decl":{"start":{"line":4,"column":33},"end":{"line":4,"column":34}},"loc":{"start":{"line":4,"column":93},"end":{"line":235,"column":1}}},"1":{"name":"(anonymous_1)","decl":{"start":{"line":9,"column":27},"end":{"line":9,"column":28}},"loc":{"start":{"line":9,"column":66},"end":{"line":46,"column":3}}},"2":{"name":"(anonymous_2)","decl":{"start":{"line":48,"column":26},"end":{"line":48,"column":27}},"loc":{"start":{"line":48,"column":62},"end":{"line":84,"column":3}}},"3":{"name":"(anonymous_3)","decl":{"start":{"line":86,"column":27},"end":{"line":86,"column":null}},"loc":{"start":{"line":86,"column":27},"end":{"line":149,"column":3}}},"4":{"name":"(anonymous_4)","decl":{"start":{"line":151,"column":20},"end":{"line":151,"column":null}},"loc":{"start":{"line":151,"column":20},"end":{"line":173,"column":3}}},"5":{"name":"(anonymous_5)","decl":{"start":{"line":175,"column":22},"end":{"line":175,"column":null}},"loc":{"start":{"line":175,"column":22},"end":{"line":197,"column":3}}},"6":{"name":"(anonymous_6)","decl":{"start":{"line":199,"column":25},"end":{"line":199,"column":null}},"loc":{"start":{"line":199,"column":25},"end":{"line":221,"column":3}}},"7":{"name":"(anonymous_7)","decl":{"start":{"line":232,"column":17},"end":{"line":232,"column":18}},"loc":{"start":{"line":232,"column":30},"end":{"line":232,"column":50}}},"8":{"name":"(anonymous_8)","decl":{"start":{"line":233,"column":19},"end":{"line":233,"column":20}},"loc":{"start":{"line":233,"column":32},"end":{"line":233,"column":52}}}},"branchMap":{"0":{"loc":{"start":{"line":10,"column":4},"end":{"line":12,"column":5}},"type":"if","locations":[{"start":{"line":10,"column":4},"end":{"line":12,"column":5}}]},"1":{"loc":{"start":{"line":15,"column":4},"end":{"line":45,"column":5}},"type":"if","locations":[{"start":{"line":15,"column":4},"end":{"line":45,"column":5}},{"start":{"line":41,"column":11},"end":{"line":45,"column":5}}]},"2":{"loc":{"start":{"line":15,"column":8},"end":{"line":15,"column":52}},"type":"binary-expr","locations":[{"start":{"line":15,"column":8},"end":{"line":15,"column":17}},{"start":{"line":15,"column":21},"end":{"line":15,"column":52}}]},"3":{"loc":{"start":{"line":18,"column":6},"end":{"line":40,"column":7}},"type":"if","locations":[{"start":{"line":18,"column":6},"end":{"line":40,"column":7}},{"start":{"line":36,"column":13},"end":{"line":40,"column":7}}]},"4":{"loc":{"start":{"line":24,"column":8},"end":{"line":26,"column":9}},"type":"if","locations":[{"start":{"line":24,"column":8},"end":{"line":26,"column":9}}]},"5":{"loc":{"start":{"line":27,"column":8},"end":{"line":29,"column":9}},"type":"if","locations":[{"start":{"line":27,"column":8},"end":{"line":29,"column":9}}]},"6":{"loc":{"start":{"line":39,"column":8},"end":{"line":39,"column":36}},"type":"cond-expr","locations":[{"start":{"line":39,"column":17},"end":{"line":39,"column":19}},{"start":{"line":39,"column":8},"end":{"line":39,"column":36}}]},"7":{"loc":{"start":{"line":39,"column":8},"end":{"line":39,"column":19}},"type":"binary-expr","locations":[{"start":{"line":39,"column":8},"end":{"line":39,"column":19}},{"start":{"line":39,"column":8},"end":{"line":39,"column":19}}]},"8":{"loc":{"start":{"line":44,"column":6},"end":{"line":44,"column":34}},"type":"cond-expr","locations":[{"start":{"line":44,"column":15},"end":{"line":44,"column":17}},{"start":{"line":44,"column":6},"end":{"line":44,"column":34}}]},"9":{"loc":{"start":{"line":44,"column":6},"end":{"line":44,"column":17}},"type":"binary-expr","locations":[{"start":{"line":44,"column":6},"end":{"line":44,"column":17}},{"start":{"line":44,"column":6},"end":{"line":44,"column":17}}]},"10":{"loc":{"start":{"line":49,"column":4},"end":{"line":83,"column":5}},"type":"if","locations":[{"start":{"line":49,"column":4},"end":{"line":83,"column":5}}]},"11":{"loc":{"start":{"line":51,"column":6},"end":{"line":51,"column":34}},"type":"cond-expr","locations":[{"start":{"line":51,"column":15},"end":{"line":51,"column":17}},{"start":{"line":51,"column":6},"end":{"line":51,"column":34}}]},"12":{"loc":{"start":{"line":51,"column":6},"end":{"line":51,"column":17}},"type":"binary-expr","locations":[{"start":{"line":51,"column":6},"end":{"line":51,"column":17}},{"start":{"line":51,"column":6},"end":{"line":51,"column":17}}]},"13":{"loc":{"start":{"line":52,"column":6},"end":{"line":52,"column":39}},"type":"cond-expr","locations":[{"start":{"line":52,"column":15},"end":{"line":52,"column":17}},{"start":{"line":52,"column":6},"end":{"line":52,"column":39}}]},"14":{"loc":{"start":{"line":52,"column":6},"end":{"line":52,"column":17}},"type":"binary-expr","locations":[{"start":{"line":52,"column":6},"end":{"line":52,"column":17}},{"start":{"line":52,"column":6},"end":{"line":52,"column":17}}]},"15":{"loc":{"start":{"line":58,"column":6},"end":{"line":62,"column":7}},"type":"if","locations":[{"start":{"line":58,"column":6},"end":{"line":62,"column":7}},{"start":{"line":60,"column":13},"end":{"line":62,"column":7}}]},"16":{"loc":{"start":{"line":60,"column":13},"end":{"line":62,"column":7}},"type":"if","locations":[{"start":{"line":60,"column":13},"end":{"line":62,"column":7}}]},"17":{"loc":{"start":{"line":64,"column":6},"end":{"line":70,"column":7}},"type":"if","locations":[{"start":{"line":64,"column":6},"end":{"line":70,"column":7}},{"start":{"line":66,"column":13},"end":{"line":70,"column":7}}]},"18":{"loc":{"start":{"line":64,"column":10},"end":{"line":64,"column":73}},"type":"binary-expr","locations":[{"start":{"line":64,"column":10},"end":{"line":64,"column":23}},{"start":{"line":64,"column":27},"end":{"line":64,"column":73}}]},"19":{"loc":{"start":{"line":72,"column":22},"end":{"line":72,"column":49}},"type":"cond-expr","locations":[{"start":{"line":72,"column":35},"end":{"line":72,"column":37}},{"start":{"line":72,"column":22},"end":{"line":72,"column":49}}]},"20":{"loc":{"start":{"line":72,"column":22},"end":{"line":72,"column":37}},"type":"binary-expr","locations":[{"start":{"line":72,"column":22},"end":{"line":72,"column":37}},{"start":{"line":72,"column":22},"end":{"line":72,"column":37}}]},"21":{"loc":{"start":{"line":73,"column":6},"end":{"line":78,"column":7}},"type":"if","locations":[{"start":{"line":73,"column":6},"end":{"line":78,"column":7}}]},"22":{"loc":{"start":{"line":75,"column":8},"end":{"line":77,"column":9}},"type":"if","locations":[{"start":{"line":75,"column":8},"end":{"line":77,"column":9}}]},"23":{"loc":{"start":{"line":82,"column":6},"end":{"line":82,"column":34}},"type":"cond-expr","locations":[{"start":{"line":82,"column":15},"end":{"line":82,"column":17}},{"start":{"line":82,"column":6},"end":{"line":82,"column":34}}]},"24":{"loc":{"start":{"line":82,"column":6},"end":{"line":82,"column":17}},"type":"binary-expr","locations":[{"start":{"line":82,"column":6},"end":{"line":82,"column":17}},{"start":{"line":82,"column":6},"end":{"line":82,"column":17}}]},"25":{"loc":{"start":{"line":87,"column":4},"end":{"line":87,"column":30}},"type":"if","locations":[{"start":{"line":87,"column":4},"end":{"line":87,"column":30}}]},"26":{"loc":{"start":{"line":90,"column":4},"end":{"line":90,"column":27}},"type":"if","locations":[{"start":{"line":90,"column":4},"end":{"line":90,"column":27}}]},"27":{"loc":{"start":{"line":98,"column":6},"end":{"line":100,"column":67}},"type":"cond-expr","locations":[{"start":{"line":99,"column":11},"end":{"line":99,"column":69}},{"start":{"line":100,"column":10},"end":{"line":100,"column":67}}]},"28":{"loc":{"start":{"line":100,"column":10},"end":{"line":100,"column":67}},"type":"cond-expr","locations":[{"start":{"line":100,"column":53},"end":{"line":100,"column":55}},{"start":{"line":100,"column":53},"end":{"line":100,"column":67}}]},"29":{"loc":{"start":{"line":100,"column":10},"end":{"line":100,"column":55}},"type":"binary-expr","locations":[{"start":{"line":100,"column":10},"end":{"line":100,"column":55}},{"start":{"line":100,"column":53},"end":{"line":100,"column":55}}]},"30":{"loc":{"start":{"line":101,"column":4},"end":{"line":101,"column":25}},"type":"if","locations":[{"start":{"line":101,"column":4},"end":{"line":101,"column":25}}]},"31":{"loc":{"start":{"line":106,"column":11},"end":{"line":106,"column":49}},"type":"binary-expr","locations":[{"start":{"line":106,"column":11},"end":{"line":106,"column":22}},{"start":{"line":106,"column":26},"end":{"line":106,"column":49}}]},"32":{"loc":{"start":{"line":107,"column":6},"end":{"line":110,"column":7}},"type":"if","locations":[{"start":{"line":107,"column":6},"end":{"line":110,"column":7}}]},"33":{"loc":{"start":{"line":107,"column":10},"end":{"line":107,"column":117}},"type":"binary-expr","locations":[{"start":{"line":107,"column":10},"end":{"line":107,"column":52}},{"start":{"line":107,"column":57},"end":{"line":107,"column":117}}]},"34":{"loc":{"start":{"line":114,"column":4},"end":{"line":139,"column":5}},"type":"if","locations":[{"start":{"line":114,"column":4},"end":{"line":139,"column":5}}]},"35":{"loc":{"start":{"line":114,"column":8},"end":{"line":114,"column":54}},"type":"binary-expr","locations":[{"start":{"line":114,"column":8},"end":{"line":114,"column":18}},{"start":{"line":114,"column":22},"end":{"line":114,"column":54}}]},"36":{"loc":{"start":{"line":121,"column":6},"end":{"line":138,"column":7}},"type":"if","locations":[{"start":{"line":121,"column":6},"end":{"line":138,"column":7}}]},"37":{"loc":{"start":{"line":122,"column":8},"end":{"line":123,"column":78}},"type":"binary-expr","locations":[{"start":{"line":122,"column":8},"end":{"line":122,"column":82}},{"start":{"line":123,"column":8},"end":{"line":123,"column":78}}]},"38":{"loc":{"start":{"line":126,"column":28},"end":{"line":126,"column":54}},"type":"binary-expr","locations":[{"start":{"line":126,"column":28},"end":{"line":126,"column":48}},{"start":{"line":126,"column":52},"end":{"line":126,"column":54}}]},"39":{"loc":{"start":{"line":130,"column":8},"end":{"line":137,"column":9}},"type":"if","locations":[{"start":{"line":130,"column":8},"end":{"line":137,"column":9}},{"start":{"line":132,"column":15},"end":{"line":137,"column":9}}]},"40":{"loc":{"start":{"line":131,"column":10},"end":{"line":131,"column":56}},"type":"cond-expr","locations":[{"start":{"line":131,"column":31},"end":{"line":131,"column":33}},{"start":{"line":131,"column":31},"end":{"line":131,"column":56}}]},"41":{"loc":{"start":{"line":131,"column":10},"end":{"line":131,"column":33}},"type":"binary-expr","locations":[{"start":{"line":131,"column":10},"end":{"line":131,"column":33}},{"start":{"line":131,"column":31},"end":{"line":131,"column":33}}]},"42":{"loc":{"start":{"line":134,"column":10},"end":{"line":136,"column":11}},"type":"if","locations":[{"start":{"line":134,"column":10},"end":{"line":136,"column":11}}]},"43":{"loc":{"start":{"line":134,"column":14},"end":{"line":134,"column":92}},"type":"binary-expr","locations":[{"start":{"line":134,"column":14},"end":{"line":134,"column":42}},{"start":{"line":134,"column":46},"end":{"line":134,"column":92}}]},"44":{"loc":{"start":{"line":135,"column":12},"end":{"line":135,"column":77}},"type":"cond-expr","locations":[{"start":{"line":135,"column":33},"end":{"line":135,"column":35}},{"start":{"line":135,"column":33},"end":{"line":135,"column":77}}]},"45":{"loc":{"start":{"line":135,"column":12},"end":{"line":135,"column":35}},"type":"binary-expr","locations":[{"start":{"line":135,"column":12},"end":{"line":135,"column":35}},{"start":{"line":135,"column":33},"end":{"line":135,"column":35}}]},"46":{"loc":{"start":{"line":142,"column":4},"end":{"line":144,"column":5}},"type":"if","locations":[{"start":{"line":142,"column":4},"end":{"line":144,"column":5}}]},"47":{"loc":{"start":{"line":152,"column":4},"end":{"line":172,"column":5}},"type":"if","locations":[{"start":{"line":152,"column":4},"end":{"line":172,"column":5}}]},"48":{"loc":{"start":{"line":154,"column":6},"end":{"line":154,"column":34}},"type":"cond-expr","locations":[{"start":{"line":154,"column":15},"end":{"line":154,"column":17}},{"start":{"line":154,"column":6},"end":{"line":154,"column":34}}]},"49":{"loc":{"start":{"line":154,"column":6},"end":{"line":154,"column":17}},"type":"binary-expr","locations":[{"start":{"line":154,"column":6},"end":{"line":154,"column":17}},{"start":{"line":154,"column":6},"end":{"line":154,"column":17}}]},"50":{"loc":{"start":{"line":155,"column":6},"end":{"line":155,"column":39}},"type":"cond-expr","locations":[{"start":{"line":155,"column":15},"end":{"line":155,"column":17}},{"start":{"line":155,"column":6},"end":{"line":155,"column":39}}]},"51":{"loc":{"start":{"line":155,"column":6},"end":{"line":155,"column":17}},"type":"binary-expr","locations":[{"start":{"line":155,"column":6},"end":{"line":155,"column":17}},{"start":{"line":155,"column":6},"end":{"line":155,"column":17}}]},"52":{"loc":{"start":{"line":161,"column":6},"end":{"line":165,"column":7}},"type":"if","locations":[{"start":{"line":161,"column":6},"end":{"line":165,"column":7}},{"start":{"line":163,"column":13},"end":{"line":165,"column":7}}]},"53":{"loc":{"start":{"line":163,"column":13},"end":{"line":165,"column":7}},"type":"if","locations":[{"start":{"line":163,"column":13},"end":{"line":165,"column":7}}]},"54":{"loc":{"start":{"line":167,"column":28},"end":{"line":167,"column":89}},"type":"cond-expr","locations":[{"start":{"line":167,"column":44},"end":{"line":167,"column":82}},{"start":{"line":167,"column":85},"end":{"line":167,"column":89}}]},"55":{"loc":{"start":{"line":168,"column":32},"end":{"line":168,"column":57}},"type":"cond-expr","locations":[{"start":{"line":168,"column":45},"end":{"line":168,"column":47}},{"start":{"line":168,"column":32},"end":{"line":168,"column":57}}]},"56":{"loc":{"start":{"line":168,"column":32},"end":{"line":168,"column":47}},"type":"binary-expr","locations":[{"start":{"line":168,"column":32},"end":{"line":168,"column":47}},{"start":{"line":168,"column":32},"end":{"line":168,"column":47}}]},"57":{"loc":{"start":{"line":169,"column":28},"end":{"line":169,"column":107}},"type":"cond-expr","locations":[{"start":{"line":169,"column":90},"end":{"line":169,"column":98}},{"start":{"line":169,"column":101},"end":{"line":169,"column":107}}]},"58":{"loc":{"start":{"line":169,"column":28},"end":{"line":169,"column":87}},"type":"binary-expr","locations":[{"start":{"line":169,"column":28},"end":{"line":169,"column":55}},{"start":{"line":169,"column":59},"end":{"line":169,"column":87}}]},"59":{"loc":{"start":{"line":176,"column":4},"end":{"line":196,"column":5}},"type":"if","locations":[{"start":{"line":176,"column":4},"end":{"line":196,"column":5}}]},"60":{"loc":{"start":{"line":178,"column":6},"end":{"line":178,"column":34}},"type":"cond-expr","locations":[{"start":{"line":178,"column":15},"end":{"line":178,"column":17}},{"start":{"line":178,"column":6},"end":{"line":178,"column":34}}]},"61":{"loc":{"start":{"line":178,"column":6},"end":{"line":178,"column":17}},"type":"binary-expr","locations":[{"start":{"line":178,"column":6},"end":{"line":178,"column":17}},{"start":{"line":178,"column":6},"end":{"line":178,"column":17}}]},"62":{"loc":{"start":{"line":179,"column":6},"end":{"line":179,"column":39}},"type":"cond-expr","locations":[{"start":{"line":179,"column":15},"end":{"line":179,"column":17}},{"start":{"line":179,"column":6},"end":{"line":179,"column":39}}]},"63":{"loc":{"start":{"line":179,"column":6},"end":{"line":179,"column":17}},"type":"binary-expr","locations":[{"start":{"line":179,"column":6},"end":{"line":179,"column":17}},{"start":{"line":179,"column":6},"end":{"line":179,"column":17}}]},"64":{"loc":{"start":{"line":185,"column":6},"end":{"line":189,"column":7}},"type":"if","locations":[{"start":{"line":185,"column":6},"end":{"line":189,"column":7}},{"start":{"line":187,"column":13},"end":{"line":189,"column":7}}]},"65":{"loc":{"start":{"line":187,"column":13},"end":{"line":189,"column":7}},"type":"if","locations":[{"start":{"line":187,"column":13},"end":{"line":189,"column":7}}]},"66":{"loc":{"start":{"line":191,"column":28},"end":{"line":191,"column":89}},"type":"cond-expr","locations":[{"start":{"line":191,"column":44},"end":{"line":191,"column":82}},{"start":{"line":191,"column":85},"end":{"line":191,"column":89}}]},"67":{"loc":{"start":{"line":192,"column":31},"end":{"line":192,"column":55}},"type":"cond-expr","locations":[{"start":{"line":192,"column":44},"end":{"line":192,"column":46}},{"start":{"line":192,"column":31},"end":{"line":192,"column":55}}]},"68":{"loc":{"start":{"line":192,"column":31},"end":{"line":192,"column":46}},"type":"binary-expr","locations":[{"start":{"line":192,"column":31},"end":{"line":192,"column":46}},{"start":{"line":192,"column":31},"end":{"line":192,"column":46}}]},"69":{"loc":{"start":{"line":193,"column":27},"end":{"line":193,"column":78}},"type":"cond-expr","locations":[{"start":{"line":193,"column":59},"end":{"line":193,"column":67}},{"start":{"line":193,"column":70},"end":{"line":193,"column":78}}]},"70":{"loc":{"start":{"line":200,"column":4},"end":{"line":220,"column":5}},"type":"if","locations":[{"start":{"line":200,"column":4},"end":{"line":220,"column":5}}]},"71":{"loc":{"start":{"line":202,"column":6},"end":{"line":202,"column":34}},"type":"cond-expr","locations":[{"start":{"line":202,"column":15},"end":{"line":202,"column":17}},{"start":{"line":202,"column":6},"end":{"line":202,"column":34}}]},"72":{"loc":{"start":{"line":202,"column":6},"end":{"line":202,"column":17}},"type":"binary-expr","locations":[{"start":{"line":202,"column":6},"end":{"line":202,"column":17}},{"start":{"line":202,"column":6},"end":{"line":202,"column":17}}]},"73":{"loc":{"start":{"line":203,"column":6},"end":{"line":203,"column":39}},"type":"cond-expr","locations":[{"start":{"line":203,"column":15},"end":{"line":203,"column":17}},{"start":{"line":203,"column":6},"end":{"line":203,"column":39}}]},"74":{"loc":{"start":{"line":203,"column":6},"end":{"line":203,"column":17}},"type":"binary-expr","locations":[{"start":{"line":203,"column":6},"end":{"line":203,"column":17}},{"start":{"line":203,"column":6},"end":{"line":203,"column":17}}]},"75":{"loc":{"start":{"line":209,"column":6},"end":{"line":213,"column":7}},"type":"if","locations":[{"start":{"line":209,"column":6},"end":{"line":213,"column":7}},{"start":{"line":211,"column":13},"end":{"line":213,"column":7}}]},"76":{"loc":{"start":{"line":211,"column":13},"end":{"line":213,"column":7}},"type":"if","locations":[{"start":{"line":211,"column":13},"end":{"line":213,"column":7}}]},"77":{"loc":{"start":{"line":215,"column":28},"end":{"line":215,"column":89}},"type":"cond-expr","locations":[{"start":{"line":215,"column":44},"end":{"line":215,"column":82}},{"start":{"line":215,"column":85},"end":{"line":215,"column":89}}]},"78":{"loc":{"start":{"line":216,"column":36},"end":{"line":216,"column":103}},"type":"binary-expr","locations":[{"start":{"line":216,"column":36},"end":{"line":216,"column":69}},{"start":{"line":216,"column":73},"end":{"line":216,"column":102}}]},"79":{"loc":{"start":{"line":216,"column":36},"end":{"line":216,"column":69}},"type":"cond-expr","locations":[{"start":{"line":216,"column":49},"end":{"line":216,"column":51}},{"start":{"line":216,"column":36},"end":{"line":216,"column":69}}]},"80":{"loc":{"start":{"line":216,"column":36},"end":{"line":216,"column":51}},"type":"binary-expr","locations":[{"start":{"line":216,"column":36},"end":{"line":216,"column":51}},{"start":{"line":216,"column":36},"end":{"line":216,"column":51}}]},"81":{"loc":{"start":{"line":216,"column":73},"end":{"line":216,"column":102}},"type":"cond-expr","locations":[{"start":{"line":216,"column":86},"end":{"line":216,"column":88}},{"start":{"line":216,"column":73},"end":{"line":216,"column":102}}]},"82":{"loc":{"start":{"line":216,"column":73},"end":{"line":216,"column":88}},"type":"binary-expr","locations":[{"start":{"line":216,"column":73},"end":{"line":216,"column":88}},{"start":{"line":216,"column":73},"end":{"line":216,"column":88}}]},"83":{"loc":{"start":{"line":217,"column":32},"end":{"line":217,"column":99}},"type":"cond-expr","locations":[{"start":{"line":217,"column":79},"end":{"line":217,"column":85}},{"start":{"line":217,"column":88},"end":{"line":217,"column":99}}]},"84":{"loc":{"start":{"line":217,"column":32},"end":{"line":217,"column":76}},"type":"cond-expr","locations":[{"start":{"line":217,"column":53},"end":{"line":217,"column":55}},{"start":{"line":217,"column":32},"end":{"line":217,"column":76}}]},"85":{"loc":{"start":{"line":217,"column":32},"end":{"line":217,"column":55}},"type":"binary-expr","locations":[{"start":{"line":217,"column":32},"end":{"line":217,"column":55}},{"start":{"line":217,"column":32},"end":{"line":217,"column":55}}]}},"s":{"0":1,"1":1,"2":3,"3":3,"4":3,"5":3,"6":3,"7":3,"8":3,"9":3,"10":3,"11":3,"12":1,"13":0,"14":1,"15":1,"16":1,"17":1,"18":1,"19":1,"20":1,"21":1,"22":1,"23":0,"24":1,"25":0,"26":1,"27":1,"28":1,"29":1,"30":0,"31":0,"32":0,"33":0,"34":0,"35":0,"36":3,"37":1,"38":1,"39":1,"40":1,"41":1,"42":1,"43":1,"44":1,"45":1,"46":0,"47":0,"48":1,"49":0,"50":1,"51":1,"52":1,"53":1,"54":1,"55":1,"56":1,"57":1,"58":1,"59":1,"60":1,"61":3,"62":0,"63":0,"64":0,"65":0,"66":0,"67":0,"68":0,"69":0,"70":0,"71":0,"72":0,"73":0,"74":0,"75":0,"76":0,"77":0,"78":0,"79":0,"80":0,"81":0,"82":0,"83":0,"84":0,"85":0,"86":0,"87":0,"88":0,"89":0,"90":0,"91":0,"92":0,"93":0,"94":0,"95":0,"96":0,"97":0,"98":0,"99":0,"100":0,"101":0,"102":3,"103":1,"104":1,"105":1,"106":1,"107":1,"108":1,"109":1,"110":1,"111":1,"112":0,"113":0,"114":1,"115":1,"116":1,"117":1,"118":3,"119":0,"120":0,"121":0,"122":0,"123":0,"124":0,"125":0,"126":0,"127":0,"128":0,"129":0,"130":0,"131":0,"132":0,"133":0,"134":3,"135":0,"136":0,"137":0,"138":0,"139":0,"140":0,"141":0,"142":0,"143":0,"144":0,"145":0,"146":0,"147":0,"148":0,"149":0,"150":3,"151":0,"152":0,"153":1},"f":{"0":3,"1":1,"2":1,"3":0,"4":1,"5":0,"6":0,"7":0,"8":0},"b":{"0":[0],"1":[1,0],"2":[1,1],"3":[1,0],"4":[0],"5":[0],"6":[0,0],"7":[0,0],"8":[0,0],"9":[0,0],"10":[1],"11":[0,1],"12":[1,1],"13":[0,1],"14":[1,1],"15":[1,0],"16":[0],"17":[0,1],"18":[1,1],"19":[0,1],"20":[1,1],"21":[1],"22":[1],"23":[0,1],"24":[1,1],"25":[0],"26":[0],"27":[0,0],"28":[0,0],"29":[0,0],"30":[0],"31":[0,0],"32":[0],"33":[0,0],"34":[0],"35":[0,0],"36":[0],"37":[0,0],"38":[0,0],"39":[0,0],"40":[0,0],"41":[0,0],"42":[0],"43":[0,0],"44":[0,0],"45":[0,0],"46":[0],"47":[1],"48":[0,1],"49":[1,1],"50":[0,1],"51":[1,1],"52":[1,0],"53":[0],"54":[1,0],"55":[0,1],"56":[1,1],"57":[0,1],"58":[1,1],"59":[0],"60":[0,0],"61":[0,0],"62":[0,0],"63":[0,0],"64":[0,0],"65":[0],"66":[0,0],"67":[0,0],"68":[0,0],"69":[0,0],"70":[0],"71":[0,0],"72":[0,0],"73":[0,0],"74":[0,0],"75":[0,0],"76":[0],"77":[0,0],"78":[0,0],"79":[0,0],"80":[0,0],"81":[0,0],"82":[0,0],"83":[0,0],"84":[0,0],"85":[0,0]}}
}
