TN:
SF:src\components\CardEditor\EditableField.tsx
FN:17,(anonymous_9)
FN:24,(anonymous_10)
FN:32,(anonymous_11)
FN:40,(anonymous_12)
FN:50,(anonymous_13)
FN:92,(anonymous_14)
FN:113,(anonymous_15)
FNF:7
FNH:5
FNDA:6,(anonymous_9)
FNDA:3,(anonymous_10)
FNDA:3,(anonymous_11)
FNDA:0,(anonymous_12)
FNDA:0,(anonymous_13)
FNDA:2,(anonymous_14)
FNDA:6,(anonymous_15)
DA:1,1
DA:17,6
DA:18,6
DA:19,6
DA:20,6
DA:21,6
DA:24,6
DA:25,3
DA:26,3
DA:27,3
DA:32,6
DA:33,3
DA:34,3
DA:35,3
DA:40,6
DA:41,0
DA:43,0
DA:44,0
DA:45,0
DA:48,0
DA:50,0
DA:51,0
DA:52,0
DA:53,0
DA:57,0
DA:60,0
DA:64,0
DA:65,0
DA:66,0
DA:67,0
DA:70,0
DA:74,0
DA:75,0
DA:76,0
DA:78,0
DA:79,0
DA:80,0
DA:81,0
DA:82,0
DA:84,0
DA:88,0
DA:92,6
DA:93,2
DA:95,2
DA:96,2
DA:99,2
DA:100,0
DA:101,0
DA:102,0
DA:103,0
DA:104,0
DA:108,2
DA:109,2
DA:113,6
DA:114,6
DA:115,0
DA:116,0
DA:118,0
DA:121,0
DA:122,0
DA:123,0
DA:124,0
DA:125,0
DA:126,0
DA:127,0
DA:130,0
DA:131,0
DA:132,0
DA:133,0
DA:134,0
DA:137,0
DA:141,6
DA:155,1
LF:73
LH:26
BRDA:25,0,0,3
BRDA:25,1,0,3
BRDA:25,1,1,3
BRDA:26,2,0,3
BRDA:26,2,1,0
BRDA:33,3,0,3
BRDA:33,4,0,3
BRDA:33,4,1,3
BRDA:33,4,2,3
BRDA:34,5,0,3
BRDA:34,5,1,0
BRDA:41,6,0,0
BRDA:45,7,0,0
BRDA:48,8,0,0
BRDA:51,9,0,0
BRDA:65,10,0,0
BRDA:65,10,1,0
BRDA:76,11,0,0
BRDA:85,12,0,0
BRDA:85,12,1,0
BRDA:86,13,0,0
BRDA:86,13,1,0
BRDA:86,14,0,0
BRDA:86,14,1,0
BRDA:86,15,0,0
BRDA:86,15,1,0
BRDA:86,16,0,0
BRDA:86,16,1,0
BRDA:86,17,0,0
BRDA:86,17,1,0
BRDA:93,18,0,0
BRDA:99,19,0,0
BRDA:99,20,0,2
BRDA:99,20,1,2
BRDA:114,21,0,0
BRDA:114,22,0,6
BRDA:114,22,1,6
BRDA:114,22,2,0
BRDA:116,23,0,0
BRDA:121,24,0,0
BRDA:121,24,1,0
BRDA:121,25,0,0
BRDA:121,25,1,0
BRDA:123,26,0,0
BRDA:123,26,1,0
BRDA:123,27,0,0
BRDA:123,27,1,0
BRDA:123,28,0,0
BRDA:123,28,1,0
BRF:49
BRH:13
end_of_record
TN:
SF:src\hooks\useTextFormatting.ts
FN:4,(anonymous_0)
FN:9,(anonymous_1)
FN:48,(anonymous_2)
FN:86,(anonymous_3)
FN:151,(anonymous_4)
FN:175,(anonymous_5)
FN:199,(anonymous_6)
FN:232,(anonymous_7)
FN:233,(anonymous_8)
FNF:9
FNH:4
FNDA:3,(anonymous_0)
FNDA:1,(anonymous_1)
FNDA:1,(anonymous_2)
FNDA:0,(anonymous_3)
FNDA:1,(anonymous_4)
FNDA:0,(anonymous_5)
FNDA:0,(anonymous_6)
FNDA:0,(anonymous_7)
FNDA:0,(anonymous_8)
DA:1,1
DA:4,1
DA:5,3
DA:6,3
DA:7,3
DA:9,3
DA:10,1
DA:11,0
DA:14,1
DA:15,1
DA:16,1
DA:18,1
DA:19,1
DA:20,1
DA:21,1
DA:23,1
DA:24,1
DA:25,0
DA:27,1
DA:28,0
DA:31,1
DA:33,1
DA:34,1
DA:35,1
DA:37,0
DA:38,0
DA:39,0
DA:42,0
DA:43,0
DA:44,0
DA:48,3
DA:49,1
DA:50,1
DA:51,1
DA:52,1
DA:54,1
DA:55,1
DA:56,1
DA:58,1
DA:59,1
DA:60,0
DA:61,0
DA:64,1
DA:65,0
DA:67,1
DA:68,1
DA:69,1
DA:72,1
DA:73,1
DA:74,1
DA:75,1
DA:76,1
DA:80,1
DA:81,1
DA:82,1
DA:86,3
DA:87,0
DA:89,0
DA:90,0
DA:92,0
DA:93,0
DA:95,0
DA:98,0
DA:101,0
DA:103,0
DA:104,0
DA:106,0
DA:107,0
DA:108,0
DA:109,0
DA:111,0
DA:114,0
DA:115,0
DA:116,0
DA:117,0
DA:118,0
DA:119,0
DA:121,0
DA:125,0
DA:126,0
DA:127,0
DA:129,0
DA:130,0
DA:131,0
DA:133,0
DA:134,0
DA:135,0
DA:141,0
DA:142,0
DA:143,0
DA:146,0
DA:147,0
DA:148,0
DA:151,3
DA:152,1
DA:153,1
DA:154,1
DA:155,1
DA:157,1
DA:158,1
DA:159,1
DA:161,1
DA:162,1
DA:163,0
DA:164,0
DA:167,1
DA:168,1
DA:169,1
DA:171,1
DA:175,3
DA:176,0
DA:177,0
DA:178,0
DA:179,0
DA:181,0
DA:182,0
DA:183,0
DA:185,0
DA:186,0
DA:187,0
DA:188,0
DA:191,0
DA:192,0
DA:193,0
DA:195,0
DA:199,3
DA:200,0
DA:201,0
DA:202,0
DA:203,0
DA:205,0
DA:206,0
DA:207,0
DA:209,0
DA:210,0
DA:211,0
DA:212,0
DA:215,0
DA:216,0
DA:217,0
DA:219,0
DA:223,3
DA:232,0
DA:233,0
LF:144
LH:61
BRDA:10,0,0,0
BRDA:15,1,0,1
BRDA:15,1,1,0
BRDA:15,2,0,1
BRDA:15,2,1,1
BRDA:18,3,0,1
BRDA:18,3,1,0
BRDA:24,4,0,0
BRDA:27,5,0,0
BRDA:39,6,0,0
BRDA:39,6,1,0
BRDA:39,7,0,0
BRDA:39,7,1,0
BRDA:44,8,0,0
BRDA:44,8,1,0
BRDA:44,9,0,0
BRDA:44,9,1,0
BRDA:49,10,0,1
BRDA:51,11,0,0
BRDA:51,11,1,1
BRDA:51,12,0,1
BRDA:51,12,1,1
BRDA:52,13,0,0
BRDA:52,13,1,1
BRDA:52,14,0,1
BRDA:52,14,1,1
BRDA:58,15,0,1
BRDA:58,15,1,0
BRDA:60,16,0,0
BRDA:64,17,0,0
BRDA:64,17,1,1
BRDA:64,18,0,1
BRDA:64,18,1,1
BRDA:72,19,0,0
BRDA:72,19,1,1
BRDA:72,20,0,1
BRDA:72,20,1,1
BRDA:73,21,0,1
BRDA:75,22,0,1
BRDA:82,23,0,0
BRDA:82,23,1,1
BRDA:82,24,0,1
BRDA:82,24,1,1
BRDA:87,25,0,0
BRDA:90,26,0,0
BRDA:98,27,0,0
BRDA:98,27,1,0
BRDA:100,28,0,0
BRDA:100,28,1,0
BRDA:100,29,0,0
BRDA:100,29,1,0
BRDA:101,30,0,0
BRDA:106,31,0,0
BRDA:106,31,1,0
BRDA:107,32,0,0
BRDA:107,33,0,0
BRDA:107,33,1,0
BRDA:114,34,0,0
BRDA:114,35,0,0
BRDA:114,35,1,0
BRDA:121,36,0,0
BRDA:122,37,0,0
BRDA:122,37,1,0
BRDA:126,38,0,0
BRDA:126,38,1,0
BRDA:130,39,0,0
BRDA:130,39,1,0
BRDA:131,40,0,0
BRDA:131,40,1,0
BRDA:131,41,0,0
BRDA:131,41,1,0
BRDA:134,42,0,0
BRDA:134,43,0,0
BRDA:134,43,1,0
BRDA:135,44,0,0
BRDA:135,44,1,0
BRDA:135,45,0,0
BRDA:135,45,1,0
BRDA:142,46,0,0
BRDA:152,47,0,1
BRDA:154,48,0,0
BRDA:154,48,1,1
BRDA:154,49,0,1
BRDA:154,49,1,1
BRDA:155,50,0,0
BRDA:155,50,1,1
BRDA:155,51,0,1
BRDA:155,51,1,1
BRDA:161,52,0,1
BRDA:161,52,1,0
BRDA:163,53,0,0
BRDA:167,54,0,1
BRDA:167,54,1,0
BRDA:168,55,0,0
BRDA:168,55,1,1
BRDA:168,56,0,1
BRDA:168,56,1,1
BRDA:169,57,0,0
BRDA:169,57,1,1
BRDA:169,58,0,1
BRDA:169,58,1,1
BRDA:176,59,0,0
BRDA:178,60,0,0
BRDA:178,60,1,0
BRDA:178,61,0,0
BRDA:178,61,1,0
BRDA:179,62,0,0
BRDA:179,62,1,0
BRDA:179,63,0,0
BRDA:179,63,1,0
BRDA:185,64,0,0
BRDA:185,64,1,0
BRDA:187,65,0,0
BRDA:191,66,0,0
BRDA:191,66,1,0
BRDA:192,67,0,0
BRDA:192,67,1,0
BRDA:192,68,0,0
BRDA:192,68,1,0
BRDA:193,69,0,0
BRDA:193,69,1,0
BRDA:200,70,0,0
BRDA:202,71,0,0
BRDA:202,71,1,0
BRDA:202,72,0,0
BRDA:202,72,1,0
BRDA:203,73,0,0
BRDA:203,73,1,0
BRDA:203,74,0,0
BRDA:203,74,1,0
BRDA:209,75,0,0
BRDA:209,75,1,0
BRDA:211,76,0,0
BRDA:215,77,0,0
BRDA:215,77,1,0
BRDA:216,78,0,0
BRDA:216,78,1,0
BRDA:216,79,0,0
BRDA:216,79,1,0
BRDA:216,80,0,0
BRDA:216,80,1,0
BRDA:216,81,0,0
BRDA:216,81,1,0
BRDA:216,82,0,0
BRDA:216,82,1,0
BRDA:217,83,0,0
BRDA:217,83,1,0
BRDA:217,84,0,0
BRDA:217,84,1,0
BRDA:217,85,0,0
BRDA:217,85,1,0
BRF:151
BRH:38
end_of_record
